demos/GUI/AppLinearLayoutDemo1/build/outputs/logs/manifest-merger-debug-report.txt
-- Merging decision tree log ---
manifest
ADDED from workspace\AppLinearLayoutDemo1\AndroidManifest.xml:3:1-70:12
INJECTED from workspace\AppLinearLayoutDemo1\AndroidManifest.xml:3:1-70:12
INJECTED from workspace\AppLinearLayoutDemo1\AndroidManifest.xml:3:1-70:12
INJECTED from workspace\AppLinearLayoutDemo1\AndroidManifest.xml:3:1-70:12
INJECTED from workspace\AppLinearLayoutDemo1\AndroidManifest.xml:3:1-70:12
	package
		ADDED from workspace\AppLinearLayoutDemo1\AndroidManifest.xml:4:5-44
	android:versionName
		ADDED from workspace\AppLinearLayoutDemo1\AndroidManifest.xml:6:5-30
		INJECTED from workspace\AppLinearLayoutDemo1\AndroidManifest.xml
		INJECTED from workspace\AppLinearLayoutDemo1\AndroidManifest.xml
	xmlns:tools
		ADDED from workspace\AppLinearLayoutDemo1\AndroidManifest.xml:3:70-116
	xmlns:android
		ADDED from workspace\AppLinearLayoutDemo1\AndroidManifest.xml:3:11-69
	android:versionCode
		ADDED from workspace\AppLinearLayoutDemo1\AndroidManifest.xml:5:5-28
		INJECTED from workspace\AppLinearLayoutDemo1\AndroidManifest.xml
		INJECTED from workspace\AppLinearLayoutDemo1\AndroidManifest.xml
uses-sdk
ADDED from workspace\AppLinearLayoutDemo1\AndroidManifest.xml:8:5-73
INJECTED from workspace\AppLinearLayoutDemo1\AndroidManifest.xml:8:5-73
INJECTED from workspace\AppLinearLayoutDemo1\AndroidManifest.xml:8:5-73
INJECTED from workspace\AppLinearLayoutDemo1\AndroidManifest.xml:8:5-73
INJECTED from workspace\AppLinearLayoutDemo1\AndroidManifest.xml:8:5-73
	android:targetSdkVersion
		ADDED from workspace\AppLinearLayoutDemo1\AndroidManifest.xml:8:42-71
		INJECTED from workspace\AppLinearLayoutDemo1\AndroidManifest.xml
		INJECTED from workspace\AppLinearLayoutDemo1\AndroidManifest.xml
	android:minSdkVersion
		ADDED from workspace\AppLinearLayoutDemo1\AndroidManifest.xml:8:15-41
		INJECTED from workspace\AppLinearLayoutDemo1\AndroidManifest.xml
		INJECTED from workspace\AppLinearLayoutDemo1\AndroidManifest.xml
uses-permission#android.permission.NFC
ADDED from workspace\AppLinearLayoutDemo1\AndroidManifest.xml:10:5-61
	android:name
		ADDED from workspace\AppLinearLayoutDemo1\AndroidManifest.xml:10:22-59
uses-permission#android.permission.CALL_PHONE
ADDED from workspace\AppLinearLayoutDemo1\AndroidManifest.xml:11:5-68
	android:name
		ADDED from workspace\AppLinearLayoutDemo1\AndroidManifest.xml:11:22-66
uses-permission#android.permission.MODIFY_AUDIO_SETTINGS
ADDED from workspace\AppLinearLayoutDemo1\AndroidManifest.xml:12:5-79
	android:name
		ADDED from workspace\AppLinearLayoutDemo1\AndroidManifest.xml:12:22-77
uses-permission#android.permission.READ_PHONE_STATE
ADDED from workspace\AppLinearLayoutDemo1\AndroidManifest.xml:13:5-74
	android:name
		ADDED from workspace\AppLinearLayoutDemo1\AndroidManifest.xml:13:22-72
uses-permission#android.permission.ACCESS_FINE_LOCATION
ADDED from workspace\AppLinearLayoutDemo1\AndroidManifest.xml:14:5-78
	android:name
		ADDED from workspace\AppLinearLayoutDemo1\AndroidManifest.xml:14:22-76
uses-permission#android.permission.ACCESS_COARSE_LOCATION
ADDED from workspace\AppLinearLayoutDemo1\AndroidManifest.xml:15:5-80
	android:name
		ADDED from workspace\AppLinearLayoutDemo1\AndroidManifest.xml:15:22-78
uses-permission#android.permission.CHANGE_WIFI_STATE
ADDED from workspace\AppLinearLayoutDemo1\AndroidManifest.xml:16:5-75
	android:name
		ADDED from workspace\AppLinearLayoutDemo1\AndroidManifest.xml:16:22-73
uses-permission#android.permission.ACCESS_WIFI_STATE
ADDED from workspace\AppLinearLayoutDemo1\AndroidManifest.xml:17:5-75
	android:name
		ADDED from workspace\AppLinearLayoutDemo1\AndroidManifest.xml:17:22-73
uses-permission#android.permission.ACCESS_NETWORK_STATE
ADDED from workspace\AppLinearLayoutDemo1\AndroidManifest.xml:18:5-78
	android:name
		ADDED from workspace\AppLinearLayoutDemo1\AndroidManifest.xml:18:22-76
uses-permission#android.permission.INTERNET
ADDED from workspace\AppLinearLayoutDemo1\AndroidManifest.xml:19:5-66
	android:name
		ADDED from workspace\AppLinearLayoutDemo1\AndroidManifest.xml:19:22-64
uses-permission#android.permission.WRITE_EXTERNAL_STORAGE
ADDED from workspace\AppLinearLayoutDemo1\AndroidManifest.xml:20:5-80
	android:name
		ADDED from workspace\AppLinearLayoutDemo1\AndroidManifest.xml:20:22-78
uses-permission#android.permission.READ_EXTERNAL_STORAGE
ADDED from workspace\AppLinearLayoutDemo1\AndroidManifest.xml:21:5-79
	android:name
		ADDED from workspace\AppLinearLayoutDemo1\AndroidManifest.xml:21:22-77
uses-permission#android.permission.READ_CONTACTS
ADDED from workspace\AppLinearLayoutDemo1\AndroidManifest.xml:22:5-71
	android:name
		ADDED from workspace\AppLinearLayoutDemo1\AndroidManifest.xml:22:22-69
uses-permission#android.permission.WRITE_CONTACTS
ADDED from workspace\AppLinearLayoutDemo1\AndroidManifest.xml:23:5-72
	android:name
		ADDED from workspace\AppLinearLayoutDemo1\AndroidManifest.xml:23:22-70
uses-permission#android.permission.SEND_SMS
ADDED from workspace\AppLinearLayoutDemo1\AndroidManifest.xml:24:5-66
	android:name
		ADDED from workspace\AppLinearLayoutDemo1\AndroidManifest.xml:24:22-64
uses-permission#android.permission.READ_SMS
ADDED from workspace\AppLinearLayoutDemo1\AndroidManifest.xml:25:5-66
	android:name
		ADDED from workspace\AppLinearLayoutDemo1\AndroidManifest.xml:25:22-64
uses-permission#android.permission.RECEIVE_SMS
ADDED from workspace\AppLinearLayoutDemo1\AndroidManifest.xml:26:5-69
	android:name
		ADDED from workspace\AppLinearLayoutDemo1\AndroidManifest.xml:26:22-67
uses-permission#android.permission.CAMERA
ADDED from workspace\AppLinearLayoutDemo1\AndroidManifest.xml:27:5-64
	android:name
		ADDED from workspace\AppLinearLayoutDemo1\AndroidManifest.xml:27:22-62
uses-permission#android.permission.ACCESS_BLUETOOTH_SHARE
ADDED from workspace\AppLinearLayoutDemo1\AndroidManifest.xml:28:5-80
	android:name
		ADDED from workspace\AppLinearLayoutDemo1\AndroidManifest.xml:28:22-78
uses-permission#android.permission.BLUETOOTH
ADDED from workspace\AppLinearLayoutDemo1\AndroidManifest.xml:29:5-67
	android:name
		ADDED from workspace\AppLinearLayoutDemo1\AndroidManifest.xml:29:22-65
uses-permission#android.permission.BLUETOOTH_ADMIN
ADDED from workspace\AppLinearLayoutDemo1\AndroidManifest.xml:30:5-73
	android:name
		ADDED from workspace\AppLinearLayoutDemo1\AndroidManifest.xml:30:22-71
uses-permission#android.permission.VIBRATE
ADDED from workspace\AppLinearLayoutDemo1\AndroidManifest.xml:31:5-65
	android:name
		ADDED from workspace\AppLinearLayoutDemo1\AndroidManifest.xml:31:22-63
uses-permission#android.permission.WAKE_LOCK
ADDED from workspace\AppLinearLayoutDemo1\AndroidManifest.xml:32:5-67
	android:name
		ADDED from workspace\AppLinearLayoutDemo1\AndroidManifest.xml:32:22-65
uses-permission#android.permission.CHANGE_NETWORK_STATE
ADDED from workspace\AppLinearLayoutDemo1\AndroidManifest.xml:33:5-78
	android:name
		ADDED from workspace\AppLinearLayoutDemo1\AndroidManifest.xml:33:22-76
uses-permission#android.permission.REORDER_TASKS
ADDED from workspace\AppLinearLayoutDemo1\AndroidManifest.xml:34:5-71
	android:name
		ADDED from workspace\AppLinearLayoutDemo1\AndroidManifest.xml:34:22-69
uses-permission#android.permission.QUERY_ALL_PACKAGES
ADDED from workspace\AppLinearLayoutDemo1\AndroidManifest.xml:35:5-76
	android:name
		ADDED from workspace\AppLinearLayoutDemo1\AndroidManifest.xml:35:22-74
uses-permission#android.permission.RECORD_AUDIO
ADDED from workspace\AppLinearLayoutDemo1\AndroidManifest.xml:36:5-70
	android:name
		ADDED from workspace\AppLinearLayoutDemo1\AndroidManifest.xml:36:22-68
uses-feature#android.hardware.camera
ADDED from workspace\AppLinearLayoutDemo1\AndroidManifest.xml:38:5-84
	android:required
		ADDED from workspace\AppLinearLayoutDemo1\AndroidManifest.xml:38:58-82
	android:name
		ADDED from workspace\AppLinearLayoutDemo1\AndroidManifest.xml:38:19-57
uses-feature#android.hardware.camera.flash
ADDED from workspace\AppLinearLayoutDemo1\AndroidManifest.xml:39:5-90
	android:required
		ADDED from workspace\AppLinearLayoutDemo1\AndroidManifest.xml:39:64-88
	android:name
		ADDED from workspace\AppLinearLayoutDemo1\AndroidManifest.xml:39:19-63
uses-feature#android.hardware.camera.autofocus
ADDED from workspace\AppLinearLayoutDemo1\AndroidManifest.xml:40:5-94
	android:required
		ADDED from workspace\AppLinearLayoutDemo1\AndroidManifest.xml:40:68-92
	android:name
		ADDED from workspace\AppLinearLayoutDemo1\AndroidManifest.xml:40:19-67
uses-feature#0x00020000
ADDED from workspace\AppLinearLayoutDemo1\AndroidManifest.xml:42:5-77
	android:glEsVersion
		ADDED from workspace\AppLinearLayoutDemo1\AndroidManifest.xml:42:19-51
	android:required
		ADDED from workspace\AppLinearLayoutDemo1\AndroidManifest.xml:42:52-75
uses-feature#android.hardware.telephony
ADDED from workspace\AppLinearLayoutDemo1\AndroidManifest.xml:43:5-87
	android:required
		ADDED from workspace\AppLinearLayoutDemo1\AndroidManifest.xml:43:61-85
	android:name
		ADDED from workspace\AppLinearLayoutDemo1\AndroidManifest.xml:43:19-60
uses-feature#android.hardware.sensor.stepcounter
ADDED from workspace\AppLinearLayoutDemo1\AndroidManifest.xml:44:5-96
	android:required
		ADDED from workspace\AppLinearLayoutDemo1\AndroidManifest.xml:44:70-94
	android:name
		ADDED from workspace\AppLinearLayoutDemo1\AndroidManifest.xml:44:19-69
uses-feature#android.hardware.sensor.stepdetector
ADDED from workspace\AppLinearLayoutDemo1\AndroidManifest.xml:45:5-97
	android:required
		ADDED from workspace\AppLinearLayoutDemo1\AndroidManifest.xml:45:71-95
	android:name
		ADDED from workspace\AppLinearLayoutDemo1\AndroidManifest.xml:45:19-70
supports-screens
ADDED from workspace\AppLinearLayoutDemo1\AndroidManifest.xml:47:5-50:46
	android:largeScreens
		ADDED from workspace\AppLinearLayoutDemo1\AndroidManifest.xml:49:19-46
	android:smallScreens
		ADDED from workspace\AppLinearLayoutDemo1\AndroidManifest.xml:47:23-50
	android:normalScreens
		ADDED from workspace\AppLinearLayoutDemo1\AndroidManifest.xml:48:19-47
	android:anyDensity
		ADDED from workspace\AppLinearLayoutDemo1\AndroidManifest.xml:50:19-44
application
ADDED from workspace\AppLinearLayoutDemo1\AndroidManifest.xml:52:5-69:19
	android:requestLegacyExternalStorage
		ADDED from workspace\AppLinearLayoutDemo1\AndroidManifest.xml:53:9-52
	android:label
		ADDED from workspace\AppLinearLayoutDemo1\AndroidManifest.xml:57:9-41
	android:icon
		ADDED from workspace\AppLinearLayoutDemo1\AndroidManifest.xml:56:9-45
	android:allowBackup
		ADDED from workspace\AppLinearLayoutDemo1\AndroidManifest.xml:55:9-35
	android:theme
		ADDED from workspace\AppLinearLayoutDemo1\AndroidManifest.xml:58:9-40
	android:usesCleartextTraffic
		ADDED from workspace\AppLinearLayoutDemo1\AndroidManifest.xml:54:2-37
activity#org.lamw.applinearlayoutdemo1.App
ADDED from workspace\AppLinearLayoutDemo1\AndroidManifest.xml:59:9-68:20
	android:enabled
		ADDED from workspace\AppLinearLayoutDemo1\AndroidManifest.xml:63:36-58
	android:label
		ADDED from workspace\AppLinearLayoutDemo1\AndroidManifest.xml:61:13-45
	android:launchMode
		ADDED from workspace\AppLinearLayoutDemo1\AndroidManifest.xml:63:6-35
	android:configChanges
		ADDED from workspace\AppLinearLayoutDemo1\AndroidManifest.xml:62:13-97
	android:name
		ADDED from workspace\AppLinearLayoutDemo1\AndroidManifest.xml:60:13-61
intent-filter#action:name:android.intent.action.MAIN+category:name:android.intent.category.LAUNCHER
ADDED from workspace\AppLinearLayoutDemo1\AndroidManifest.xml:64:13-67:29
action#android.intent.action.MAIN
ADDED from workspace\AppLinearLayoutDemo1\AndroidManifest.xml:65:17-68
	android:name
		ADDED from workspace\AppLinearLayoutDemo1\AndroidManifest.xml:65:25-66
category#android.intent.category.LAUNCHER
ADDED from workspace\AppLinearLayoutDemo1\AndroidManifest.xml:66:17-76
	android:name
		ADDED from workspace\AppLinearLayoutDemo1\AndroidManifest.xml:66:27-74